<?xml version="1.0" encoding="UTF-8"?>
<!-- Generated by org.testng.reporters.JUnitXMLReporter -->
<testsuite ignored="0" hostname="Vicky" failures="0" tests="3" name="Default test" time="281.689" errors="0" timestamp="2026-09-19T17:22:11 IST">
  <testcase classname="Sprint1.GoldBharathFullWorkFlow" name="RegisteringToGoldbharathTest" time="90.882"/>
  <testcase classname="Sprint1.GoldBharathFullWorkFlow" name="loginUpdatingKYC" time="58.59"/>
  <testcase classname="Sprint1.GoldBharathFullWorkFlow" name="loginToAdminApproveKycAndGivingGoldAndSilverLimit" time="131.267"/>
</testsuite> <!-- Default test -->
