<?xml version="1.0" encoding="UTF-8"?>
<testng-results ignored="0" total="1" passed="1" failed="0" skipped="0">
  <reporter-output>
  </reporter-output>
  <suite started-at="2026-09-11T16:58:52 IST" name="Default suite" finished-at="2026-09-11T16:59:08 IST" duration-ms="16401">
    <groups>
    </groups>
    <test started-at="2026-09-11T16:58:52 IST" name="Default test" finished-at="2026-09-11T16:59:08 IST" duration-ms="16401">
      <class name="Sprint1.LoginCompletingKYC">
        <test-method is-config="true" signature="launchBrowser()[pri:0, instance:Sprint1.LoginCompletingKYC@26ceffa8]" started-at="2026-09-11T16:58:52 IST" name="launchBrowser" finished-at="2026-09-11T16:58:56 IST" duration-ms="4350" status="PASS">
          <reporter-output>
          </reporter-output>
        </test-method> <!-- launchBrowser -->
        <test-method is-config="true" signature="loginToDoctorApp()[pri:0, instance:Sprint1.LoginCompletingKYC@26ceffa8]" started-at="2026-09-11T16:58:56 IST" name="loginToDoctorApp" finished-at="2026-09-11T16:59:05 IST" duration-ms="8590" status="PASS">
          <reporter-output>
          </reporter-output>
        </test-method> <!-- loginToDoctorApp -->
        <test-method signature="login()[pri:0, instance:Sprint1.LoginCompletingKYC@26ceffa8]" started-at="2026-09-11T16:59:05 IST" name="login" finished-at="2026-09-11T16:59:05 IST" duration-ms="4" status="PASS">
          <reporter-output>
          </reporter-output>
        </test-method> <!-- login -->
        <test-method is-config="true" signature="logoutFromDoctorApp()[pri:0, instance:Sprint1.LoginCompletingKYC@26ceffa8]" started-at="2026-09-11T16:59:05 IST" name="logoutFromDoctorApp" finished-at="2026-09-11T16:59:08 IST" duration-ms="3115" status="PASS">
          <reporter-output>
          </reporter-output>
        </test-method> <!-- logoutFromDoctorApp -->
        <test-method is-config="true" signature="closeBrowser()[pri:0, instance:Sprint1.LoginCompletingKYC@26ceffa8]" started-at="2026-09-11T16:59:08 IST" name="closeBrowser" finished-at="2026-09-11T16:59:08 IST" duration-ms="291" status="PASS">
          <reporter-output>
          </reporter-output>
        </test-method> <!-- closeBrowser -->
      </class> <!-- Sprint1.LoginCompletingKYC -->
    </test> <!-- Default test -->
  </suite> <!-- Default suite -->
</testng-results>
