<?xml version="1.0" encoding="UTF-8"?>
<!-- Generated by org.testng.reporters.JUnitReportReporter -->
<testsuite hostname="Vicky" failures="0" tests="3" name="Sprint1.GoldBharathFullWorkFlow" time="280.739" errors="0" timestamp="2026-09-19T17:22:11 IST" skipped="0">
  <testcase classname="Sprint1.GoldBharathFullWorkFlow" name="RegisteringToGoldbharathTest" time="90.882"/>
  <testcase classname="Sprint1.GoldBharathFullWorkFlow" name="loginUpdatingKYC" time="58.590"/>
  <testcase classname="Sprint1.GoldBharathFullWorkFlow" name="loginToAdminApproveKycAndGivingGoldAndSilverLimit" time="131.267"/>
</testsuite> <!-- Sprint1.GoldBharathFullWorkFlow -->
