<?xml version="1.0" encoding="UTF-8"?>
<!-- Generated by org.testng.reporters.JUnitReportReporter -->
<testsuite hostname="Vicky" failures="0" tests="5" name="Sprint1.GoldBharathFullWorkFlow" time="348.594" errors="0" timestamp="2026-09-24T18:21:04 IST" skipped="0">
  <testcase classname="Sprint1.GoldBharathFullWorkFlow" name="RegisteringToGoldbharathTest" time="67.221"/>
  <testcase classname="Sprint1.GoldBharathFullWorkFlow" name="loginUpdatingKYC" time="49.203"/>
  <testcase classname="Sprint1.GoldBharathFullWorkFlow" name="loginToAdminApproveKycAndGivingGoldAndSilverLimit" time="128.459"/>
  <testcase classname="Sprint1.GoldBharathFullWorkFlow" name="distributorBookingGoldTest" time="27.659"/>
  <testcase classname="Sprint1.GoldBharathFullWorkFlow" name="distributorBuyingGoldTest" time="76.052"/>
</testsuite> <!-- Sprint1.GoldBharathFullWorkFlow -->
